GowinSynthesis start
Running parser ...
Analyzing Verilog file 'E:\haoxy\doc\fpga\yitices_pro\fpga\ex5\src\ex1.v'
Compiling module 'COMP_RE'("E:\haoxy\doc\fpga\yitices_pro\fpga\ex5\src\ex1.v":1)
NOTE  (EX0101) : Current top module is "COMP_RE"
[5%] Running netlist conversion ...
Running device independent optimization ...
[10%] Optimizing Phase 0 completed
[15%] Optimizing Phase 1 completed
[25%] Optimizing Phase 2 completed
Running inference ...
[30%] Inferring Phase 0 completed
[40%] Inferring Phase 1 completed
[50%] Inferring Phase 2 completed
[55%] Inferring Phase 3 completed
Running technical mapping ...
[60%] Tech-Mapping Phase 0 completed
[65%] Tech-Mapping Phase 1 completed
[75%] Tech-Mapping Phase 2 completed
[80%] Tech-Mapping Phase 3 completed
[90%] Tech-Mapping Phase 4 completed
[95%] Generate netlist file "E:\haoxy\doc\fpga\yitices_pro\fpga\ex5\impl\gwsynthesis\project_1.vg" completed
[100%] Generate report file "E:\haoxy\doc\fpga\yitices_pro\fpga\ex5\impl\gwsynthesis\project_1_syn.rpt.html" completed
GowinSynthesis finish
