Reading netlist file: "C:\Users\24096\Desktop\example_basis\ex1\impl\gwsynthesis\fpga_project_scan.vg"
Parsing netlist file "C:\Users\24096\Desktop\example_basis\ex1\impl\gwsynthesis\fpga_project_scan.vg" completed
Processing netlist completed
Reading constraint file: "C:\Users\24096\Desktop\example_basis\ex1\src\fpga_project_scan.cst"
Physical Constraint parsed completed
Running placement......
[10%] Placement Phase 0 completed
[20%] Placement Phase 1 completed
[30%] Placement Phase 2 completed
[50%] Placement Phase 3 completed
Running routing......
[60%] Routing Phase 0 completed
[70%] Routing Phase 1 completed
[80%] Routing Phase 2 completed
[90%] Routing Phase 3 completed
Running timing analysis......
[95%] Timing analysis completed
Placement and routing completed
Bitstream generation in progress......
Bitstream generation completed
Running power analysis......
[100%] Power analysis completed
Generate file "C:\Users\24096\Desktop\example_basis\ex1\impl\pnr\fpga_project_scan.power.html" completed
Generate file "C:\Users\24096\Desktop\example_basis\ex1\impl\pnr\fpga_project_scan.pin.html" completed
Generate file "C:\Users\24096\Desktop\example_basis\ex1\impl\pnr\fpga_project_scan.rpt.html" completed
Generate file "C:\Users\24096\Desktop\example_basis\ex1\impl\pnr\fpga_project_scan.rpt.txt" completed
Generate file "C:\Users\24096\Desktop\example_basis\ex1\impl\pnr\fpga_project_scan.tr.html" completed
Fri Jan 19 16:26:21 2024

