[2025-07-16 23:42:59] [INFO] 启动豆瓣电影Top250浏览器
[2025-07-16 23:42:59] [INFO] 启动主窗口
[2025-07-16 23:42:59] [INFO] 开始从网络获取电影数据
[2025-07-16 23:43:00] [WARNING] 页面解析失败，重试 1/3
[2025-07-16 23:43:00] [WARNING] 页面解析失败，重试 2/3
[2025-07-16 23:43:00] [WARNING] 页面解析失败，重试 3/3
[2025-07-16 23:43:00] [WARNING] 第 1 页数据获取失败
[2025-07-16 23:43:01] [WARNING] 页面解析失败，重试 1/3
[2025-07-16 23:43:01] [WARNING] 页面解析失败，重试 2/3
[2025-07-16 23:43:01] [WARNING] 页面解析失败，重试 3/3
[2025-07-16 23:43:01] [WARNING] 第 2 页数据获取失败
[2025-07-16 23:43:01] [WARNING] 页面解析失败，重试 1/3
[2025-07-16 23:43:01] [WARNING] 页面解析失败，重试 2/3
[2025-07-16 23:43:01] [WARNING] 页面解析失败，重试 3/3
[2025-07-16 23:43:01] [WARNING] 第 3 页数据获取失败
[2025-07-16 23:43:01] [WARNING] 页面解析失败，重试 1/3
[2025-07-16 23:43:02] [WARNING] 页面解析失败，重试 2/3
[2025-07-16 23:43:02] [WARNING] 页面解析失败，重试 3/3
[2025-07-16 23:43:02] [WARNING] 第 4 页数据获取失败
[2025-07-16 23:43:02] [WARNING] 页面解析失败，重试 1/3
[2025-07-16 23:43:02] [WARNING] 页面解析失败，重试 2/3
[2025-07-16 23:43:02] [WARNING] 页面解析失败，重试 3/3
[2025-07-16 23:43:02] [WARNING] 第 5 页数据获取失败
[2025-07-16 23:43:02] [WARNING] 页面解析失败，重试 1/3
[2025-07-16 23:43:02] [WARNING] 页面解析失败，重试 2/3
[2025-07-16 23:43:03] [WARNING] 页面解析失败，重试 3/3
[2025-07-16 23:43:03] [WARNING] 第 6 页数据获取失败
[2025-07-16 23:43:03] [WARNING] 页面解析失败，重试 1/3
[2025-07-16 23:43:03] [WARNING] 页面解析失败，重试 2/3
[2025-07-16 23:43:03] [WARNING] 页面解析失败，重试 3/3
[2025-07-16 23:43:03] [WARNING] 第 7 页数据获取失败
[2025-07-16 23:43:03] [WARNING] 页面解析失败，重试 1/3
[2025-07-16 23:43:03] [WARNING] 页面解析失败，重试 2/3
[2025-07-16 23:43:04] [WARNING] 页面解析失败，重试 3/3
[2025-07-16 23:43:04] [WARNING] 第 8 页数据获取失败
[2025-07-16 23:43:04] [WARNING] 页面解析失败，重试 1/3
[2025-07-16 23:43:04] [WARNING] 页面解析失败，重试 2/3
[2025-07-16 23:43:04] [WARNING] 页面解析失败，重试 3/3
[2025-07-16 23:43:04] [WARNING] 第 9 页数据获取失败
[2025-07-16 23:43:04] [WARNING] 页面解析失败，重试 1/3
[2025-07-16 23:43:04] [WARNING] 页面解析失败，重试 2/3
[2025-07-16 23:43:05] [WARNING] 页面解析失败，重试 3/3
[2025-07-16 23:43:05] [WARNING] 第 10 页数据获取失败
[2025-07-16 23:43:05] [WARNING] 网络获取失败，使用备用数据
[2025-07-16 23:43:05] [INFO] 成功获取 5 部电影数据
[2025-07-16 23:44:22] [INFO] 程序正在关闭...
[2025-07-16 23:44:22] [INFO] 程序结束
