Reading netlist file: "E:\haoxy\doc\fpga\yitices_pro\fpga\ex4\impl\gwsynthesis\fpga_project_scan.vg"
Parsing netlist file "E:\haoxy\doc\fpga\yitices_pro\fpga\ex4\impl\gwsynthesis\fpga_project_scan.vg" completed
Processing netlist completed
Reading constraint file: "E:\haoxy\doc\fpga\yitices_pro\fpga\ex4\src\fpga_project_scan.cst"
Physical Constraint parsed completed
Running placement......
[10%] Placement Phase 0 completed
[20%] Placement Phase 1 completed
[30%] Placement Phase 2 completed
[50%] Placement Phase 3 completed
Running routing......
[60%] Routing Phase 0 completed
[70%] Routing Phase 1 completed
[80%] Routing Phase 2 completed
[90%] Routing Phase 3 completed
Running timing analysis......
[95%] Timing analysis completed
Placement and routing completed
Bitstream generation in progress......
Bitstream generation completed
Running power analysis......
[100%] Power analysis completed
Generate file "E:\haoxy\doc\fpga\yitices_pro\fpga\ex4\impl\pnr\fpga_project_scan.power.html" completed
Generate file "E:\haoxy\doc\fpga\yitices_pro\fpga\ex4\impl\pnr\fpga_project_scan.pin.html" completed
Generate file "E:\haoxy\doc\fpga\yitices_pro\fpga\ex4\impl\pnr\fpga_project_scan.rpt.html" completed
Generate file "E:\haoxy\doc\fpga\yitices_pro\fpga\ex4\impl\pnr\fpga_project_scan.rpt.txt" completed
Generate file "E:\haoxy\doc\fpga\yitices_pro\fpga\ex4\impl\pnr\fpga_project_scan.tr.html" completed
Thu Mar 23 20:07:05 2023

