2025-12-11 23:33:07,788 - INFO - 执行命令: collect
2025-12-11 23:33:07,788 - INFO - 开始数据采集...
2025-12-11 23:33:07,790 - INFO - 采集天气数据...
2025-12-11 23:33:07,793 - INFO - 成功采集天气数据，形状: (1, 7)
2025-12-11 23:33:07,813 - INFO - 数据已保存到: D:\code\数学建模\数学建模？\weather_20251211_233307.csv
2025-12-11 23:33:09,956 - INFO - 采集股票数据...
2025-12-11 23:33:09,957 - INFO - 成功采集股票数据，形状: (5, 6)
2025-12-11 23:33:09,960 - INFO - 数据已保存到: D:\code\数学建模\数学建模？\stock_20251211_233309.csv
2025-12-11 23:33:11,088 - INFO - 采集新闻数据...
2025-12-11 23:33:11,089 - INFO - 成功采集新闻数据，形状: (10, 7)
2025-12-11 23:33:11,092 - INFO - 数据已保存到: D:\code\数学建模\数学建模？\news_20251211_233311.csv
2025-12-11 23:33:13,845 - INFO - 采集经济数据...
2025-12-11 23:33:13,846 - INFO - 成功采集经济数据，形状: (25, 6)
2025-12-11 23:33:13,849 - INFO - 数据已保存到: D:\code\数学建模\数学建模？\economic_20251211_233313.csv
2025-12-11 23:33:15,887 - INFO - 数据采集完成，保存了 4 个文件
2025-12-11 23:33:28,237 - INFO - 执行命令: upload
2025-12-11 23:33:28,237 - INFO - 开始上传数据...
2025-12-11 23:33:28,237 - INFO - 开始上传数据到GitHub...
2025-12-11 23:33:28,237 - INFO - 检查远程连接...
2025-12-11 23:33:28,306 - INFO - 命令执行成功: git remote -v
2025-12-11 23:33:28,306 - INFO - 远程仓库信息:
2025-12-11 23:33:28,307 - INFO - origin	git@github.com:Dafan-Huang/code.git (fetch)
origin	git@github.com:Dafan-Huang/code.git (push)

2025-12-11 23:33:34,465 - INFO - 命令执行成功: git ls-remote origin
2025-12-11 23:33:34,466 - INFO - 远程连接正常
2025-12-11 23:33:34,466 - INFO - 拉取最新更改: origin/master
2025-12-11 23:33:40,731 - INFO - 命令执行成功: git pull origin master
2025-12-11 23:33:40,732 - INFO - 拉取成功
2025-12-11 23:33:40,955 - INFO - 命令执行成功: git status --porcelain
2025-12-11 23:33:40,955 - INFO - 检测到文件更改
2025-12-11 23:33:40,955 - INFO - 添加文件: 数学建模？/*.csv
2025-12-11 23:33:41,046 - INFO - 命令执行成功: git add 数学建模？/*.csv
2025-12-11 23:33:41,046 - INFO - 添加文件: *.log
2025-12-11 23:33:41,136 - INFO - 命令执行成功: git add *.log
2025-12-11 23:33:41,136 - INFO - 文件添加成功
2025-12-11 23:33:41,340 - INFO - 命令执行成功: git status --porcelain
2025-12-11 23:33:41,341 - INFO - 检测到文件更改
2025-12-11 23:33:41,341 - INFO - 提交更改: 自动上传数据 - 2025-12-11 23:33:41
2025-12-11 23:33:41,579 - INFO - 命令执行成功: git commit -m 自动上传数据 - 2025-12-11 23:33:41
2025-12-11 23:33:41,579 - INFO - 提交成功
2025-12-11 23:33:41,580 - INFO - 推送到远程仓库: origin/master
2025-12-11 23:33:47,467 - INFO - 命令执行成功: git push origin master
2025-12-11 23:33:47,467 - INFO - 推送成功
2025-12-11 23:33:47,467 - INFO - 数据上传成功
2025-12-11 23:33:47,467 - INFO - 数据上传成功
2025-12-11 23:33:56,435 - INFO - 执行命令: schedule
2025-12-11 23:33:56,435 - INFO - 开始设置定时任务...
2025-12-11 23:33:56,454 - INFO - 检测到操作系统: windows
2025-12-11 23:33:56,454 - INFO - 创建Windows定时任务...
2025-12-11 23:33:56,525 - INFO - 命令执行成功: schtasks /create /tn "DataCollector" /tr "C:\Users\24096\AppData\Local\Programs\Python\Python311\python.exe D:\code\数学建模\工具脚本\data_collector.py" /sc daily /st 09:00 /f
2025-12-11 23:33:56,587 - INFO - 命令执行成功: schtasks /create /tn "GitUploader" /tr "C:\Users\24096\AppData\Local\Programs\Python\Python311\python.exe D:\code\数学建模\工具脚本\git_uploader.py" /sc daily /st 21:00 /f
2025-12-11 23:33:56,588 - INFO - Windows定时任务创建成功
2025-12-11 23:33:56,588 - INFO - 定时任务设置成功
2025-12-11 23:34:04,768 - INFO - 执行命令: list
2025-12-11 23:34:04,768 - INFO - 当前定时任务:
2025-12-11 23:34:06,428 - INFO - 命令执行成功: schtasks /query /fo list
2025-12-23 10:41:01,058 - INFO - 启动手动任务执行器
2025-12-23 10:41:01,059 - ERROR - 程序运行时发生错误: EOF when reading a line
