GowinSynthesis start
Running parser ...
Analyzing Verilog file 'E:\haoxy\doc\fpga\yitices_pro\fpga\ex1\src\test.v'
Compiling module 'test'("E:\haoxy\doc\fpga\yitices_pro\fpga\ex1\src\test.v":4)
WARN  (EX3791) : Expression size 3 truncated to fit in target size 2("E:\haoxy\doc\fpga\yitices_pro\fpga\ex1\src\test.v":37)
NOTE  (EX0101) : Current top module is "test"
[5%] Running netlist conversion ...
Running device independent optimization ...
[10%] Optimizing Phase 0 completed
[15%] Optimizing Phase 1 completed
[25%] Optimizing Phase 2 completed
Running inference ...
[30%] Inferring Phase 0 completed
[40%] Inferring Phase 1 completed
[50%] Inferring Phase 2 completed
[55%] Inferring Phase 3 completed
Running technical mapping ...
[60%] Tech-Mapping Phase 0 completed
[65%] Tech-Mapping Phase 1 completed
[75%] Tech-Mapping Phase 2 completed
[80%] Tech-Mapping Phase 3 completed
[90%] Tech-Mapping Phase 4 completed
[95%] Generate netlist file "E:\haoxy\doc\fpga\yitices_pro\fpga\ex1\impl\gwsynthesis\fpga_project_scan.vg" completed
[100%] Generate report file "E:\haoxy\doc\fpga\yitices_pro\fpga\ex1\impl\gwsynthesis\fpga_project_scan_syn.rpt.html" completed
GowinSynthesis finish
